c:\workspace\universidad\vj\2dgame\02-bubble\release\02-bubble.ipdb
c:\workspace\universidad\vj\2dgame\02-bubble\release\02-bubble.iobj
c:\workspace\universidad\vj\2dgame\02-bubble\02-bubble\release\vc141.pdb
c:\workspace\universidad\vj\2dgame\02-bubble\02-bubble\release\rueda.obj
c:\workspace\universidad\vj\2dgame\02-bubble\02-bubble\release\player.obj
c:\workspace\universidad\vj\2dgame\02-bubble\02-bubble\release\menu.obj
c:\workspace\universidad\vj\2dgame\02-bubble\02-bubble\release\mapa.obj
c:\workspace\universidad\vj\2dgame\02-bubble\02-bubble\release\main.obj
c:\workspace\universidad\vj\2dgame\02-bubble\02-bubble\release\instrucciones.obj
c:\workspace\universidad\vj\2dgame\02-bubble\02-bubble\release\game.obj
c:\workspace\universidad\vj\2dgame\02-bubble\02-bubble\release\fondo.obj
c:\workspace\universidad\vj\2dgame\02-bubble\02-bubble\release\flecha.obj
c:\workspace\universidad\vj\2dgame\02-bubble\02-bubble\release\creditos.obj
c:\workspace\universidad\vj\2dgame\02-bubble\02-bubble\release\conjuntobolas.obj
c:\workspace\universidad\vj\2dgame\02-bubble\02-bubble\release\bubini.obj
c:\workspace\universidad\vj\2dgame\02-bubble\02-bubble\release\bub.obj
c:\workspace\universidad\vj\2dgame\02-bubble\02-bubble\release\bolsas.obj
c:\workspace\universidad\vj\2dgame\02-bubble\02-bubble\release\bola.obj
c:\workspace\universidad\vj\2dgame\02-bubble\02-bubble\release\base.obj
c:\workspace\universidad\vj\2dgame\02-bubble\02-bubble\release\audioenginegame.obj
c:\workspace\universidad\vj\2dgame\02-bubble\02-bubble\release\audioengine.obj
c:\workspace\universidad\vj\2dgame\02-bubble\02-bubble\release\arco.obj
c:\workspace\universidad\vj\2dgame\02-bubble\02-bubble\release\quad.obj
c:\workspace\universidad\vj\2dgame\02-bubble\02-bubble\release\tubo.obj
c:\workspace\universidad\vj\2dgame\02-bubble\02-bubble\release\tilemap.obj
c:\workspace\universidad\vj\2dgame\02-bubble\02-bubble\release\texturedquad.obj
c:\workspace\universidad\vj\2dgame\02-bubble\02-bubble\release\texture.obj
c:\workspace\universidad\vj\2dgame\02-bubble\02-bubble\release\text.obj
c:\workspace\universidad\vj\2dgame\02-bubble\02-bubble\release\techo.obj
c:\workspace\universidad\vj\2dgame\02-bubble\02-bubble\release\spritetexto.obj
c:\workspace\universidad\vj\2dgame\02-bubble\02-bubble\release\sprite_texture.obj
c:\workspace\universidad\vj\2dgame\02-bubble\02-bubble\release\sprite.obj
c:\workspace\universidad\vj\2dgame\02-bubble\02-bubble\release\shaderprogram.obj
c:\workspace\universidad\vj\2dgame\02-bubble\02-bubble\release\shader.obj
c:\workspace\universidad\vj\2dgame\02-bubble\02-bubble\release\scene.obj
c:\workspace\universidad\vj\2dgame\02-bubble\release\02-bubble.exe
c:\workspace\universidad\vj\2dgame\02-bubble\release\02-bubble.pdb
c:\workspace\universidad\vj\2dgame\02-bubble\02-bubble\release\02-bubble.tlog\02-bubble.write.1u.tlog
c:\workspace\universidad\vj\2dgame\02-bubble\02-bubble\release\02-bubble.tlog\cl.command.1.tlog
c:\workspace\universidad\vj\2dgame\02-bubble\02-bubble\release\02-bubble.tlog\cl.read.1.tlog
c:\workspace\universidad\vj\2dgame\02-bubble\02-bubble\release\02-bubble.tlog\cl.write.1.tlog
c:\workspace\universidad\vj\2dgame\02-bubble\02-bubble\release\02-bubble.tlog\link.command.1.tlog
c:\workspace\universidad\vj\2dgame\02-bubble\02-bubble\release\02-bubble.tlog\link.read.1.tlog
c:\workspace\universidad\vj\2dgame\02-bubble\02-bubble\release\02-bubble.tlog\link.write.1.tlog
